# Logfile created on Wed Jul 15 00:34:34 +0200 2009  [4;36;1mSQL (2.1ms)[0m   [0;1m SELECT name
 FROM sqlite_master
 WHERE type = 'table' AND NOT name = 'sqlite_sequence'
[0m
  [4;35;1mSQL (32.5ms)[0m   [0mselect sqlite_version(*)[0m
  [4;36;1mSQL (2.7ms)[0m   [0;1mCREATE TABLE "schema_migrations" ("version" varchar(255) NOT NULL) [0m
  [4;35;1mSQL (1.8ms)[0m   [0mCREATE UNIQUE INDEX "unique_schema_migrations" ON "schema_migrations" ("version")[0m
  [4;36;1mSQL (0.3ms)[0m   [0;1m SELECT name
 FROM sqlite_master
 WHERE type = 'table' AND NOT name = 'sqlite_sequence'
[0m
  [4;35;1mSQL (0.1ms)[0m   [0mSELECT version FROM schema_migrations[0m
Migrating to CreateShoesAndPeople (20090518220827)
  [4;36;1mSQL (0.8ms)[0m   [0;1mCREATE TABLE "shoes" ("id" INTEGER PRIMARY KEY AUTOINCREMENT NOT NULL, "manufacturer" varchar(255), "model" varchar(255), "size" float, "user_id" integer, "created_at" datetime, "updated_at" datetime) [0m
  [4;35;1mSQL (0.2ms)[0m   [0m SELECT name
 FROM sqlite_master
 WHERE type = 'table' AND NOT name = 'sqlite_sequence'
[0m
  [4;36;1mSQL (0.2ms)[0m   [0;1mCREATE TABLE "feet" ("id" INTEGER PRIMARY KEY AUTOINCREMENT NOT NULL, "email" varchar(255), "created_at" datetime, "updated_at" datetime) [0m
  [4;35;1mSQL (0.2ms)[0m   [0mINSERT INTO schema_migrations (version) VALUES ('20090518220827')[0m
  [4;36;1mSQL (0.3ms)[0m   [0;1m SELECT name
 FROM sqlite_master
 WHERE type = 'table' AND NOT name = 'sqlite_sequence'
[0m
  [4;35;1mSQL (0.1ms)[0m   [0mSELECT version FROM schema_migrations[0m
  [4;36;1mSQL (0.2ms)[0m   [0;1m SELECT name
 FROM sqlite_master
 WHERE type = 'table' AND NOT name = 'sqlite_sequence'
[0m
  [4;35;1mSQL (0.1ms)[0m   [0mPRAGMA index_list("feet")[0m
  [4;36;1mSQL (0.0ms)[0m   [0;1mPRAGMA index_list("shoes")[0m


Processing FeetController#index (for 127.0.0.1 at 2009-07-16 09:31:14) [GET]
  [4;36;1mFoot Load (6.5ms)[0m   [0;1mSELECT * FROM "feet" [0m
Rendering template within layouts/application
Rendering feet/index
Completed in 233ms (View: 120, DB: 7) | 200 OK [http://localhost/]


Processing FeetController#new (for 127.0.0.1 at 2009-07-16 09:31:17) [GET]
Rendering template within layouts/application
Rendering feet/new
Rendered feet/_shoe_fields (3.0ms)
Completed in 102ms (View: 28, DB: 0) | 200 OK [http://localhost/feet/new]
